#
# There is insufficient memory for the Java Runtime Environment to continue.
# Native memory allocation (malloc) failed to allocate 1048576 bytes for AllocateHeap
# Possible reasons:
#   The system is out of physical RAM or swap space
#   The process is running with CompressedOops enabled, and the Java Heap may be blocking the growth of the native heap
# Possible solutions:
#   Reduce memory load on the system
#   Increase physical memory or swap space
#   Check if swap backing store is full
#   Decrease Java heap size (-Xmx/-Xms)
#   Decrease number of Java threads
#   Decrease Java thread stack sizes (-Xss)
#   Set larger code cache with -XX:ReservedCodeCacheSize=
#   JVM is running with Zero Based Compressed Oops mode in which the Java heap is
#     placed in the first 32GB address space. The Java Heap base address is the
#     maximum limit for the native heap growth. Please use -XX:HeapBaseMinAddress
#     to set the Java Heap base and to place the Java Heap above 32GB virtual address.
# This output file may be truncated or incomplete.
#
#  Out of Memory Error (allocation.cpp:44), pid=4672, tid=25356
#
# JRE version: Java(TM) SE Runtime Environment (17.0.9+11) (build 17.0.9+11-LTS-201)
# Java VM: Java HotSpot(TM) 64-Bit Server VM (17.0.9+11-LTS-201, mixed mode, sharing, tiered, compressed oops, compressed class ptrs, g1 gc, windows-amd64)
# No core dump will be written. Minidumps are not enabled by default on client versions of Windows
#

---------------  S U M M A R Y ------------

Command Line: -Dcom.sun.management.jmxremote -Dcom.sun.management.jmxremote.port=62450 -Dcom.sun.management.jmxremote.authenticate=false -Dcom.sun.management.jmxremote.ssl=false -Dspring.jmx.enabled=true -Djava.rmi.server.hostname=localhost -Dspring.application.admin.enabled=true -Dspring.boot.project.name=Merkapp -XX:+ShowCodeDetailsInExceptionMessages -Dmanagement.endpoints.jmx.exposure.include=* com.merkapp.merkapp.MerkappApplication

Host: 12th Gen Intel(R) Core(TM) i5-12400F, 12 cores, 15G,  Windows 11 , 64 bit Build 26100 (10.0.26100.3037)
Time: Mon Mar  3 14:16:37 2025 SA Pacific Standard Time elapsed time: 475.439803 seconds (0d 0h 7m 55s)

---------------  T H R E A D  ---------------

Current thread (0x0000017cdc4e0620):  VMThread "VM Thread" [stack: 0x000000449e100000,0x000000449e200000] [id=25356]

Stack: [0x000000449e100000,0x000000449e200000]
Native frames: (J=compiled Java code, j=interpreted, Vv=VM code, C=native code)
V  [jvm.dll+0x678a4a]
V  [jvm.dll+0x7d9cfd]
V  [jvm.dll+0x7db60e]
V  [jvm.dll+0x7dbc73]
V  [jvm.dll+0x245e1f]
V  [jvm.dll+0xa5173]
V  [jvm.dll+0x2f4973]
V  [jvm.dll+0x2f08d0]
V  [jvm.dll+0x2d8ea7]
V  [jvm.dll+0x31ba17]
V  [jvm.dll+0x7e048b]
V  [jvm.dll+0x7e11c4]
V  [jvm.dll+0x7e16dd]
V  [jvm.dll+0x7e1ab4]
V  [jvm.dll+0x7e1b80]
V  [jvm.dll+0x78998a]
V  [jvm.dll+0x677875]
C  [ucrtbase.dll+0x37b0]
C  [KERNEL32.DLL+0x2e8d7]
C  [ntdll.dll+0xbbf2c]

VM_Operation (0x000000449faff180): G1CollectFull, mode: safepoint, requested by thread 0x0000017d235d7930


---------------  P R O C E S S  ---------------

Threads class SMR info:
_java_thread_list=0x0000017d2e522130, length=20, elements={
0x0000017cdc4e3fd0, 0x0000017cdc4e8ec0, 0x0000017cdc938900, 0x0000017cdc9391d0,
0x0000017cdc939aa0, 0x0000017cdc93a370, 0x0000017cdc944f90, 0x0000017cdc949fc0,
0x0000017cdc95dd00, 0x0000017cdca5fd80, 0x0000017cdcad9230, 0x0000017d226531f0,
0x0000017d22662e70, 0x0000017d22545570, 0x0000017d22fdeee0, 0x0000017d235d8d70,
0x0000017d235d7420, 0x0000017d235dde70, 0x0000017d2fb6ec60, 0x0000017d235d7930
}

Java Threads: ( => current thread )
  0x0000017cdc4e3fd0 JavaThread "Reference Handler" daemon [_thread_blocked, id=13556, stack(0x000000449e200000,0x000000449e300000)]
  0x0000017cdc4e8ec0 JavaThread "Finalizer" daemon [_thread_blocked, id=7396, stack(0x000000449e300000,0x000000449e400000)]
  0x0000017cdc938900 JavaThread "Signal Dispatcher" daemon [_thread_blocked, id=416, stack(0x000000449e400000,0x000000449e500000)]
  0x0000017cdc9391d0 JavaThread "Attach Listener" daemon [_thread_blocked, id=4756, stack(0x000000449e500000,0x000000449e600000)]
  0x0000017cdc939aa0 JavaThread "Service Thread" daemon [_thread_blocked, id=15652, stack(0x000000449e600000,0x000000449e700000)]
  0x0000017cdc93a370 JavaThread "Monitor Deflation Thread" daemon [_thread_blocked, id=26732, stack(0x000000449e700000,0x000000449e800000)]
  0x0000017cdc944f90 JavaThread "C2 CompilerThread0" daemon [_thread_blocked, id=5420, stack(0x000000449e800000,0x000000449e900000)]
  0x0000017cdc949fc0 JavaThread "C1 CompilerThread0" daemon [_thread_blocked, id=25980, stack(0x000000449e900000,0x000000449ea00000)]
  0x0000017cdc95dd00 JavaThread "Sweeper thread" daemon [_thread_blocked, id=13388, stack(0x000000449ea00000,0x000000449eb00000)]
  0x0000017cdca5fd80 JavaThread "Common-Cleaner" daemon [_thread_blocked, id=16720, stack(0x000000449eb00000,0x000000449ec00000)]
  0x0000017cdcad9230 JavaThread "Notification Thread" daemon [_thread_blocked, id=8388, stack(0x000000449ed00000,0x000000449ee00000)]
  0x0000017d226531f0 JavaThread "RMI TCP Accept-0" daemon [_thread_in_native, id=15404, stack(0x000000449ee00000,0x000000449ef00000)]
  0x0000017d22662e70 JavaThread "RMI TCP Accept-62450" daemon [_thread_in_native, id=27912, stack(0x000000449ef00000,0x000000449f000000)]
  0x0000017d22545570 JavaThread "RMI TCP Accept-0" daemon [_thread_in_native, id=15624, stack(0x000000449f000000,0x000000449f100000)]
  0x0000017d22fdeee0 JavaThread "mysql-cj-abandoned-connection-cleanup" daemon [_thread_blocked, id=1484, stack(0x000000449fe00000,0x000000449ff00000)]
  0x0000017d235d8d70 JavaThread "idle-connection-reaper" daemon [_thread_blocked, id=25872, stack(0x00000044a0900000,0x00000044a0a00000)]
  0x0000017d235d7420 JavaThread "BufferPoolPruner-1-thread-1" daemon [_thread_blocked, id=16048, stack(0x00000044a0a00000,0x00000044a0b00000)]
  0x0000017d235dde70 JavaThread "Live Reload Server" daemon [_thread_in_native, id=13568, stack(0x00000044a1000000,0x00000044a1100000)]
  0x0000017d2fb6ec60 JavaThread "DestroyJavaVM" [_thread_blocked, id=4804, stack(0x000000449db00000,0x000000449dc00000)]
  0x0000017d235d7930 JavaThread "Thread-15" [_thread_blocked, id=28184, stack(0x000000449fa00000,0x000000449fb00000)]

Other Threads:
=>0x0000017cdc4e0620 VMThread "VM Thread" [stack: 0x000000449e100000,0x000000449e200000] [id=25356]
  0x0000017d22544db0 WatcherThread [stack: 0x000000449f100000,0x000000449f200000] [id=25656]
  0x0000017cb97545f0 GCTaskThread "GC Thread#0" [stack: 0x000000449dc00000,0x000000449dd00000] [id=28480]
  0x0000017d22d4e610 GCTaskThread "GC Thread#1" [stack: 0x000000449f200000,0x000000449f300000] [id=27184]
  0x0000017d22f406f0 GCTaskThread "GC Thread#2" [stack: 0x000000449f300000,0x000000449f400000] [id=29376]
  0x0000017d226ec460 GCTaskThread "GC Thread#3" [stack: 0x000000449f400000,0x000000449f500000] [id=15796]
  0x0000017d226ec930 GCTaskThread "GC Thread#4" [stack: 0x000000449f500000,0x000000449f600000] [id=24980]
  0x0000017d226ecbf0 GCTaskThread "GC Thread#5" [stack: 0x000000449f600000,0x000000449f700000] [id=5520]
  0x0000017d22efc2b0 GCTaskThread "GC Thread#6" [stack: 0x000000449f700000,0x000000449f800000] [id=5144]
  0x0000017d230f90a0 GCTaskThread "GC Thread#7" [stack: 0x000000449fc00000,0x000000449fd00000] [id=24404]
  0x0000017d24933430 GCTaskThread "GC Thread#8" [stack: 0x000000449ff00000,0x00000044a0000000] [id=24708]
  0x0000017d240c5dc0 GCTaskThread "GC Thread#9" [stack: 0x00000044a0000000,0x00000044a0100000] [id=8620]
  0x0000017cb9765ef0 ConcurrentGCThread "G1 Main Marker" [stack: 0x000000449dd00000,0x000000449de00000] [id=22912]
  0x0000017cb97676c0 ConcurrentGCThread "G1 Conc#0" [stack: 0x000000449de00000,0x000000449df00000] [id=5516]
  0x0000017d24279990 ConcurrentGCThread "G1 Conc#1" [stack: 0x00000044a0100000,0x00000044a0200000] [id=25876]
  0x0000017d23f6bde0 ConcurrentGCThread "G1 Conc#2" [stack: 0x00000044a0200000,0x00000044a0300000] [id=15352]
  0x0000017cdc3982d0 ConcurrentGCThread "G1 Refine#0" [stack: 0x000000449df00000,0x000000449e000000] [id=12096]
  0x0000017d227feb10 ConcurrentGCThread "G1 Refine#1" [stack: 0x000000449f800000,0x000000449f900000] [id=25740]
  0x0000017d22ef0970 ConcurrentGCThread "G1 Refine#2" [stack: 0x000000449f900000,0x000000449fa00000] [id=2180]
  0x0000017cdc398ab0 ConcurrentGCThread "G1 Service" [stack: 0x000000449e000000,0x000000449e100000] [id=2840]

Threads with active compile tasks:
C2 CompilerThread0   475455 13135   !   4       org.springframework.beans.factory.support.DefaultSingletonBeanRegistry::destroyBean (346 bytes)
C1 CompilerThread0   475455 13144  s    3       org.apache.tomcat.util.modeler.Registry::getRegistry (48 bytes)

VM state: at safepoint (normal execution)

VM Mutex/Monitor currently owned by a thread:  ([mutex/lock_event])
[0x0000017cb96dcc10] Threads_lock - owner thread: 0x0000017cdc4e0620
[0x0000017cb96db6b0] Heap_lock - owner thread: 0x0000017d235d7930

Heap address: 0x0000000702200000, size: 4062 MB, Compressed Oops mode: Zero based, Oop shift amount: 3

CDS archive(s) mapped at: [0x0000017cdd000000-0x0000017cddbd0000-0x0000017cddbd0000), size 12386304, SharedBaseAddress: 0x0000017cdd000000, ArchiveRelocationMode: 1.
Compressed class space mapped at: 0x0000017cde000000-0x0000017d1e000000, reserved size: 1073741824
Narrow klass base: 0x0000017cdd000000, Narrow klass shift: 0, Narrow klass range: 0x100000000

GC Precious Log:
 CPUs: 12 total, 12 available
 Memory: 16243M
 Large Page Support: Disabled
 NUMA Support: Disabled
 Compressed Oops: Enabled (Zero based)
 Heap Region Size: 2M
 Heap Min Capacity: 8M
 Heap Initial Capacity: 254M
 Heap Max Capacity: 4062M
 Pre-touch: Disabled
 Parallel Workers: 10
 Concurrent Workers: 3
 Concurrent Refinement Workers: 10
 Periodic GC: Disabled

Heap:
 garbage-first heap   total 219136K, used 68425K [0x0000000702200000, 0x0000000800000000)
  region size 2048K, 6 young (12288K), 2 survivors (4096K)
 Metaspace       used 94646K, committed 95488K, reserved 1179648K
  class space    used 12458K, committed 12864K, reserved 1048576K

Heap Regions: E=young(eden), S=young(survivor), O=old, HS=humongous(starts), HC=humongous(continues), CS=collection set, F=free, OA=open archive, CA=closed archive, TAMS=top-at-mark-start (previous, next)
|   0|0x0000000702200000, 0x0000000702400000, 0x0000000702400000|100%| O|  |TAMS 0x0000000702400000, 0x0000000702200000| Untracked 
|   1|0x0000000702400000, 0x0000000702600000, 0x0000000702600000|100%| O|  |TAMS 0x0000000702600000, 0x0000000702400000| Untracked 
|   2|0x0000000702600000, 0x0000000702800000, 0x0000000702800000|100%| O|  |TAMS 0x0000000702800000, 0x0000000702600000| Untracked 
|   3|0x0000000702800000, 0x00000007029fffe8, 0x0000000702a00000| 99%| O|  |TAMS 0x00000007029fffe8, 0x0000000702800000| Untracked 
|   4|0x0000000702a00000, 0x0000000702bfffe8, 0x0000000702c00000| 99%| O|  |TAMS 0x0000000702bfffe8, 0x0000000702a00000| Untracked 
|   5|0x0000000702c00000, 0x0000000702dfffc0, 0x0000000702e00000| 99%| O|  |TAMS 0x0000000702dfffc0, 0x0000000702c00000| Untracked 
|   6|0x0000000702e00000, 0x0000000702ffffd8, 0x0000000703000000| 99%| O|  |TAMS 0x0000000702ffffd8, 0x0000000702e00000| Untracked 
|   7|0x0000000703000000, 0x00000007031ffff0, 0x0000000703200000| 99%| O|  |TAMS 0x00000007031ffff0, 0x0000000703000000| Untracked 
|   8|0x0000000703200000, 0x0000000703400000, 0x0000000703400000|100%| O|  |TAMS 0x0000000703400000, 0x0000000703200000| Untracked 
|   9|0x0000000703400000, 0x00000007035fffa8, 0x0000000703600000| 99%| O|  |TAMS 0x00000007035fffa8, 0x0000000703400000| Untracked 
|  10|0x0000000703600000, 0x00000007037ffff8, 0x0000000703800000| 99%| O|  |TAMS 0x00000007037ffff8, 0x0000000703600000| Untracked 
|  11|0x0000000703800000, 0x00000007039fff98, 0x0000000703a00000| 99%| O|  |TAMS 0x00000007039fff98, 0x0000000703800000| Untracked 
|  12|0x0000000703a00000, 0x0000000703bffff8, 0x0000000703c00000| 99%| O|  |TAMS 0x0000000703bffff8, 0x0000000703a00000| Untracked 
|  13|0x0000000703c00000, 0x0000000703dfffd8, 0x0000000703e00000| 99%| O|  |TAMS 0x0000000703dfffd8, 0x0000000703c00000| Untracked 
|  14|0x0000000703e00000, 0x0000000703fc50a8, 0x0000000704000000| 88%| O|  |TAMS 0x0000000703e00000, 0x0000000703e00000| Untracked 
|  15|0x0000000704000000, 0x00000007041fff98, 0x0000000704200000| 99%| O|  |TAMS 0x00000007041fff98, 0x0000000704000000| Untracked 
|  16|0x0000000704200000, 0x00000007043ff418, 0x0000000704400000| 99%| O|  |TAMS 0x00000007043ff418, 0x0000000704200000| Untracked 
|  17|0x0000000704400000, 0x0000000704600000, 0x0000000704600000|100%| O|  |TAMS 0x0000000704600000, 0x0000000704400000| Untracked 
|  18|0x0000000704600000, 0x00000007047fffe8, 0x0000000704800000| 99%| O|  |TAMS 0x00000007047fffe8, 0x0000000704600000| Untracked 
|  19|0x0000000704800000, 0x00000007049fffe0, 0x0000000704a00000| 99%| O|  |TAMS 0x00000007049fffe0, 0x0000000704800000| Untracked 
|  20|0x0000000704a00000, 0x0000000704b84498, 0x0000000704c00000| 75%| O|  |TAMS 0x0000000704a00000, 0x0000000704a00000| Untracked 
|  21|0x0000000704c00000, 0x0000000704d48438, 0x0000000704e00000| 64%| O|  |TAMS 0x0000000704c00000, 0x0000000704c00000| Untracked 
|  22|0x0000000704e00000, 0x0000000704fa0828, 0x0000000705000000| 81%| O|  |TAMS 0x0000000704e00000, 0x0000000704e00000| Untracked 
|  23|0x0000000705000000, 0x00000007051d5488, 0x0000000705200000| 91%| O|  |TAMS 0x0000000705000000, 0x0000000705000000| Untracked 
|  24|0x0000000705200000, 0x000000070536a840, 0x0000000705400000| 70%| O|  |TAMS 0x0000000705200000, 0x0000000705200000| Untracked 
|  25|0x0000000705400000, 0x00000007055729c8, 0x0000000705600000| 72%| O|  |TAMS 0x0000000705400000, 0x0000000705400000| Untracked 
|  26|0x0000000705600000, 0x0000000705800000, 0x0000000705800000|100%| O|  |TAMS 0x0000000705600000, 0x0000000705600000| Untracked 
|  27|0x0000000705800000, 0x0000000705a00000, 0x0000000705a00000|100%| O|  |TAMS 0x0000000705800000, 0x0000000705800000| Untracked 
|  28|0x0000000705a00000, 0x0000000705c00000, 0x0000000705c00000|100%| O|  |TAMS 0x0000000705a00000, 0x0000000705a00000| Untracked 
|  29|0x0000000705c00000, 0x0000000705e00000, 0x0000000705e00000|100%| O|  |TAMS 0x0000000705c00000, 0x0000000705c00000| Untracked 
|  30|0x0000000705e00000, 0x0000000705f8d400, 0x0000000706000000| 77%| O|  |TAMS 0x0000000705e00000, 0x0000000705e00000| Untracked 
|  31|0x0000000706000000, 0x0000000706000000, 0x0000000706200000|  0%| F|  |TAMS 0x0000000706000000, 0x0000000706000000| Untracked 
|  32|0x0000000706200000, 0x0000000706200000, 0x0000000706400000|  0%| F|  |TAMS 0x0000000706200000, 0x0000000706200000| Untracked 
|  33|0x0000000706400000, 0x0000000706400000, 0x0000000706600000|  0%| F|  |TAMS 0x0000000706400000, 0x0000000706400000| Untracked 
|  34|0x0000000706600000, 0x0000000706600000, 0x0000000706800000|  0%| F|  |TAMS 0x0000000706600000, 0x0000000706600000| Untracked 
|  35|0x0000000706800000, 0x0000000706800000, 0x0000000706a00000|  0%| F|  |TAMS 0x0000000706800000, 0x0000000706800000| Untracked 
|  36|0x0000000706a00000, 0x0000000706a00000, 0x0000000706c00000|  0%| F|  |TAMS 0x0000000706a00000, 0x0000000706a00000| Untracked 
|  37|0x0000000706c00000, 0x0000000706c00000, 0x0000000706e00000|  0%| F|  |TAMS 0x0000000706c00000, 0x0000000706c00000| Untracked 
|  38|0x0000000706e00000, 0x0000000706e00000, 0x0000000707000000|  0%| F|  |TAMS 0x0000000706e00000, 0x0000000706e00000| Untracked 
|  39|0x0000000707000000, 0x0000000707000000, 0x0000000707200000|  0%| F|  |TAMS 0x0000000707000000, 0x0000000707000000| Untracked 
|  40|0x0000000707200000, 0x0000000707200000, 0x0000000707400000|  0%| F|  |TAMS 0x0000000707200000, 0x0000000707200000| Untracked 
|  41|0x0000000707400000, 0x0000000707400000, 0x0000000707600000|  0%| F|  |TAMS 0x0000000707400000, 0x0000000707400000| Untracked 
|  42|0x0000000707600000, 0x0000000707600000, 0x0000000707800000|  0%| F|  |TAMS 0x0000000707600000, 0x0000000707600000| Untracked 
|  43|0x0000000707800000, 0x0000000707800000, 0x0000000707a00000|  0%| F|  |TAMS 0x0000000707800000, 0x0000000707800000| Untracked 
|  44|0x0000000707a00000, 0x0000000707a00000, 0x0000000707c00000|  0%| F|  |TAMS 0x0000000707a00000, 0x0000000707a00000| Untracked 
|  45|0x0000000707c00000, 0x0000000707c00000, 0x0000000707e00000|  0%| F|  |TAMS 0x0000000707c00000, 0x0000000707c00000| Untracked 
|  46|0x0000000707e00000, 0x0000000707e00000, 0x0000000708000000|  0%| F|  |TAMS 0x0000000707e00000, 0x0000000707e00000| Untracked 
|  47|0x0000000708000000, 0x0000000708000000, 0x0000000708200000|  0%| F|  |TAMS 0x0000000708000000, 0x0000000708000000| Untracked 
|  48|0x0000000708200000, 0x0000000708200000, 0x0000000708400000|  0%| F|  |TAMS 0x0000000708200000, 0x0000000708200000| Untracked 
|  49|0x0000000708400000, 0x0000000708400000, 0x0000000708600000|  0%| F|  |TAMS 0x0000000708400000, 0x0000000708400000| Untracked 
|  50|0x0000000708600000, 0x0000000708600000, 0x0000000708800000|  0%| F|  |TAMS 0x0000000708600000, 0x0000000708600000| Untracked 
|  51|0x0000000708800000, 0x0000000708800000, 0x0000000708a00000|  0%| F|  |TAMS 0x0000000708800000, 0x0000000708800000| Untracked 
|  52|0x0000000708a00000, 0x0000000708a00000, 0x0000000708c00000|  0%| F|  |TAMS 0x0000000708a00000, 0x0000000708a00000| Untracked 
|  53|0x0000000708c00000, 0x0000000708c00000, 0x0000000708e00000|  0%| F|  |TAMS 0x0000000708c00000, 0x0000000708c00000| Untracked 
|  54|0x0000000708e00000, 0x0000000708e61650, 0x0000000709000000| 19%| S|CS|TAMS 0x0000000708e00000, 0x0000000708e00000| Complete 
|  55|0x0000000709000000, 0x0000000709200000, 0x0000000709200000|100%| S|CS|TAMS 0x0000000709000000, 0x0000000709000000| Complete 
|  56|0x0000000709200000, 0x0000000709200000, 0x0000000709400000|  0%| F|  |TAMS 0x0000000709200000, 0x0000000709200000| Untracked 
|  57|0x0000000709400000, 0x0000000709400000, 0x0000000709600000|  0%| F|  |TAMS 0x0000000709400000, 0x0000000709400000| Untracked 
|  58|0x0000000709600000, 0x0000000709600000, 0x0000000709800000|  0%| F|  |TAMS 0x0000000709600000, 0x0000000709600000| Untracked 
|  59|0x0000000709800000, 0x0000000709800000, 0x0000000709a00000|  0%| F|  |TAMS 0x0000000709800000, 0x0000000709800000| Untracked 
|  60|0x0000000709a00000, 0x0000000709a00000, 0x0000000709c00000|  0%| F|  |TAMS 0x0000000709a00000, 0x0000000709a00000| Untracked 
|  61|0x0000000709c00000, 0x0000000709c00000, 0x0000000709e00000|  0%| F|  |TAMS 0x0000000709c00000, 0x0000000709c00000| Untracked 
|  62|0x0000000709e00000, 0x0000000709e00000, 0x000000070a000000|  0%| F|  |TAMS 0x0000000709e00000, 0x0000000709e00000| Untracked 
|  63|0x000000070a000000, 0x000000070a000000, 0x000000070a200000|  0%| F|  |TAMS 0x000000070a000000, 0x000000070a000000| Untracked 
|  64|0x000000070a200000, 0x000000070a200000, 0x000000070a400000|  0%| F|  |TAMS 0x000000070a200000, 0x000000070a200000| Untracked 
|  65|0x000000070a400000, 0x000000070a400000, 0x000000070a600000|  0%| F|  |TAMS 0x000000070a400000, 0x000000070a400000| Untracked 
|  66|0x000000070a600000, 0x000000070a600000, 0x000000070a800000|  0%| F|  |TAMS 0x000000070a600000, 0x000000070a600000| Untracked 
|  67|0x000000070a800000, 0x000000070a800000, 0x000000070aa00000|  0%| F|  |TAMS 0x000000070a800000, 0x000000070a800000| Untracked 
|  68|0x000000070aa00000, 0x000000070aa00000, 0x000000070ac00000|  0%| F|  |TAMS 0x000000070aa00000, 0x000000070aa00000| Untracked 
|  69|0x000000070ac00000, 0x000000070ac00000, 0x000000070ae00000|  0%| F|  |TAMS 0x000000070ac00000, 0x000000070ac00000| Untracked 
|  70|0x000000070ae00000, 0x000000070ae00000, 0x000000070b000000|  0%| F|  |TAMS 0x000000070ae00000, 0x000000070ae00000| Untracked 
|  71|0x000000070b000000, 0x000000070b000000, 0x000000070b200000|  0%| F|  |TAMS 0x000000070b000000, 0x000000070b000000| Untracked 
|  72|0x000000070b200000, 0x000000070b200000, 0x000000070b400000|  0%| F|  |TAMS 0x000000070b200000, 0x000000070b200000| Untracked 
|  73|0x000000070b400000, 0x000000070b400000, 0x000000070b600000|  0%| F|  |TAMS 0x000000070b400000, 0x000000070b400000| Untracked 
|  74|0x000000070b600000, 0x000000070b600000, 0x000000070b800000|  0%| F|  |TAMS 0x000000070b600000, 0x000000070b600000| Untracked 
|  75|0x000000070b800000, 0x000000070b800000, 0x000000070ba00000|  0%| F|  |TAMS 0x000000070b800000, 0x000000070b800000| Untracked 
|  76|0x000000070ba00000, 0x000000070ba00000, 0x000000070bc00000|  0%| F|  |TAMS 0x000000070ba00000, 0x000000070ba00000| Untracked 
|  77|0x000000070bc00000, 0x000000070bc00000, 0x000000070be00000|  0%| F|  |TAMS 0x000000070bc00000, 0x000000070bc00000| Untracked 
|  78|0x000000070be00000, 0x000000070be00000, 0x000000070c000000|  0%| F|  |TAMS 0x000000070be00000, 0x000000070be00000| Untracked 
|  79|0x000000070c000000, 0x000000070c000000, 0x000000070c200000|  0%| F|  |TAMS 0x000000070c000000, 0x000000070c000000| Untracked 
|  80|0x000000070c200000, 0x000000070c200000, 0x000000070c400000|  0%| F|  |TAMS 0x000000070c200000, 0x000000070c200000| Untracked 
|  81|0x000000070c400000, 0x000000070c400000, 0x000000070c600000|  0%| F|  |TAMS 0x000000070c400000, 0x000000070c400000| Untracked 
|  82|0x000000070c600000, 0x000000070c600000, 0x000000070c800000|  0%| F|  |TAMS 0x000000070c600000, 0x000000070c600000| Untracked 
|  83|0x000000070c800000, 0x000000070c800000, 0x000000070ca00000|  0%| F|  |TAMS 0x000000070c800000, 0x000000070c800000| Untracked 
|  84|0x000000070ca00000, 0x000000070ca00000, 0x000000070cc00000|  0%| F|  |TAMS 0x000000070ca00000, 0x000000070ca00000| Untracked 
|  85|0x000000070cc00000, 0x000000070cc00000, 0x000000070ce00000|  0%| F|  |TAMS 0x000000070cc00000, 0x000000070cc00000| Untracked 
|  86|0x000000070ce00000, 0x000000070ce00000, 0x000000070d000000|  0%| F|  |TAMS 0x000000070ce00000, 0x000000070ce00000| Untracked 
|  87|0x000000070d000000, 0x000000070d000000, 0x000000070d200000|  0%| F|  |TAMS 0x000000070d000000, 0x000000070d000000| Untracked 
|  88|0x000000070d200000, 0x000000070d200000, 0x000000070d400000|  0%| F|  |TAMS 0x000000070d200000, 0x000000070d200000| Untracked 
|  89|0x000000070d400000, 0x000000070d400000, 0x000000070d600000|  0%| F|  |TAMS 0x000000070d400000, 0x000000070d400000| Untracked 
|  90|0x000000070d600000, 0x000000070d600000, 0x000000070d800000|  0%| F|  |TAMS 0x000000070d600000, 0x000000070d600000| Untracked 
|  91|0x000000070d800000, 0x000000070d800000, 0x000000070da00000|  0%| F|  |TAMS 0x000000070d800000, 0x000000070d800000| Untracked 
|  92|0x000000070da00000, 0x000000070da00000, 0x000000070dc00000|  0%| F|  |TAMS 0x000000070da00000, 0x000000070da00000| Untracked 
|  93|0x000000070dc00000, 0x000000070dc00000, 0x000000070de00000|  0%| F|  |TAMS 0x000000070dc00000, 0x000000070dc00000| Untracked 
|  94|0x000000070de00000, 0x000000070de00000, 0x000000070e000000|  0%| F|  |TAMS 0x000000070de00000, 0x000000070de00000| Untracked 
|  95|0x000000070e000000, 0x000000070e000000, 0x000000070e200000|  0%| F|  |TAMS 0x000000070e000000, 0x000000070e000000| Untracked 
|  96|0x000000070e200000, 0x000000070e200000, 0x000000070e400000|  0%| F|  |TAMS 0x000000070e200000, 0x000000070e200000| Untracked 
|  97|0x000000070e400000, 0x000000070e400000, 0x000000070e600000|  0%| F|  |TAMS 0x000000070e400000, 0x000000070e400000| Untracked 
|  98|0x000000070e600000, 0x000000070e600000, 0x000000070e800000|  0%| F|  |TAMS 0x000000070e600000, 0x000000070e600000| Untracked 
|  99|0x000000070e800000, 0x000000070e800000, 0x000000070ea00000|  0%| F|  |TAMS 0x000000070e800000, 0x000000070e800000| Untracked 
| 100|0x000000070ea00000, 0x000000070ea00000, 0x000000070ec00000|  0%| F|  |TAMS 0x000000070ea00000, 0x000000070ea00000| Untracked 
| 101|0x000000070ec00000, 0x000000070ec00000, 0x000000070ee00000|  0%| F|  |TAMS 0x000000070ec00000, 0x000000070ec00000| Untracked 
| 102|0x000000070ee00000, 0x000000070ee00000, 0x000000070f000000|  0%| F|  |TAMS 0x000000070ee00000, 0x000000070ee00000| Untracked 
| 103|0x000000070f000000, 0x000000070f14c2f0, 0x000000070f200000| 64%| E|  |TAMS 0x000000070f000000, 0x000000070f000000| Complete 
| 104|0x000000070f200000, 0x000000070f400000, 0x000000070f400000|100%| E|CS|TAMS 0x000000070f200000, 0x000000070f200000| Complete 
| 105|0x000000070f400000, 0x000000070f600000, 0x000000070f600000|100%| E|CS|TAMS 0x000000070f400000, 0x000000070f400000| Complete 
| 106|0x000000070f600000, 0x000000070f800000, 0x000000070f800000|100%| E|CS|TAMS 0x000000070f600000, 0x000000070f600000| Complete 

Card table byte_map: [0x0000017cd0ca0000,0x0000017cd1490000] _byte_map_base: 0x0000017ccd48f000

Marking Bits (Prev, Next): (CMBitMap*) 0x0000017cb9754b60, (CMBitMap*) 0x0000017cb9754b20
 Prev Bits: [0x0000017cd5c00000, 0x0000017cd9b78000)
 Next Bits: [0x0000017cd1c80000, 0x0000017cd5bf8000)

Polling page: 0x0000017cb8e00000

Metaspace:

Usage:
  Non-class:     80.26 MB used.
      Class:     12.17 MB used.
       Both:     92.43 MB used.

Virtual space:
  Non-class space:      128.00 MB reserved,      80.69 MB ( 63%) committed,  2 nodes.
      Class space:        1.00 GB reserved,      12.56 MB (  1%) committed,  1 nodes.
             Both:        1.12 GB reserved,      93.25 MB (  8%) committed. 

Chunk freelists:
   Non-Class:  15.28 MB
       Class:  3.49 MB
        Both:  18.77 MB

MaxMetaspaceSize: unlimited
CompressedClassSpaceSize: 1.00 GB
Initial GC threshold: 21.00 MB
Current GC threshold: 153.88 MB
CDS: on
MetaspaceReclaimPolicy: balanced
 - commit_granule_bytes: 65536.
 - commit_granule_words: 8192.
 - virtual_space_node_default_size: 8388608.
 - enlarge_chunks_in_place: 1.
 - new_chunks_are_fully_committed: 0.
 - uncommit_free_chunks: 1.
 - use_allocation_guard: 0.
 - handle_deallocations: 1.


Internal statistics:

num_allocs_failed_limit: 9.
num_arena_births: 1210.
num_arena_deaths: 0.
num_vsnodes_births: 3.
num_vsnodes_deaths: 0.
num_space_committed: 1492.
num_space_uncommitted: 0.
num_chunks_returned_to_freelist: 9.
num_chunks_taken_from_freelist: 4803.
num_chunk_merges: 9.
num_chunk_splits: 3321.
num_chunks_enlarged: 2445.
num_inconsistent_stats: 0.

CodeHeap 'non-profiled nmethods': size=120000Kb used=10257Kb max_used=10257Kb free=109742Kb
 bounds [0x0000017cc8a30000, 0x0000017cc9440000, 0x0000017ccff60000]
CodeHeap 'profiled nmethods': size=120000Kb used=21001Kb max_used=21001Kb free=98998Kb
 bounds [0x0000017cc0f60000, 0x0000017cc23f0000, 0x0000017cc8490000]
CodeHeap 'non-nmethods': size=5760Kb used=1408Kb max_used=1472Kb free=4351Kb
 bounds [0x0000017cc8490000, 0x0000017cc8700000, 0x0000017cc8a30000]
 total_blobs=11659 nmethods=10912 adapters=657
 compilation: enabled
              stopped_count=0, restarted_count=0
 full_count=0

Compilation events (20 events):
Event: 472.387 Thread 0x0000017cdc949fc0 13132       3       java.lang.invoke.VarHandleInts$FieldInstanceReadWrite::compareAndSet (32 bytes)
Event: 472.387 Thread 0x0000017cdc949fc0 nmethod 13132 0x0000017cc23e1c10 code [0x0000017cc23e1e00, 0x0000017cc23e23a8]
Event: 472.387 Thread 0x0000017cdc949fc0 13133       3       java.util.concurrent.locks.AbstractQueuedSynchronizer$ExclusiveNode::<init> (5 bytes)
Event: 472.387 Thread 0x0000017cdc949fc0 nmethod 13133 0x0000017cc23e2590 code [0x0000017cc23e2740, 0x0000017cc23e28f8]
Event: 472.388 Thread 0x0000017cdc949fc0 13134       3       java.util.concurrent.CopyOnWriteArrayList::remove (34 bytes)
Event: 472.388 Thread 0x0000017cdc949fc0 nmethod 13134 0x0000017cc23e2a10 code [0x0000017cc23e2bc0, 0x0000017cc23e2e18]
Event: 472.388 Thread 0x0000017cdc944f90 13135   !   4       org.springframework.beans.factory.support.DefaultSingletonBeanRegistry::destroyBean (346 bytes)
Event: 472.388 Thread 0x0000017cdc949fc0 13137       3       java.util.concurrent.ConcurrentHashMap$BaseIterator::remove (37 bytes)
Event: 472.388 Thread 0x0000017cdc949fc0 nmethod 13137 0x0000017cc23e2f10 code [0x0000017cc23e30e0, 0x0000017cc23e3378]
Event: 472.389 Thread 0x0000017cdc949fc0 13138       3       java.util.concurrent.ThreadPoolExecutor::ctlOf (4 bytes)
Event: 472.389 Thread 0x0000017cdc949fc0 nmethod 13138 0x0000017cc17a1b10 code [0x0000017cc17a1ca0, 0x0000017cc17a1d98]
Event: 472.460 Thread 0x0000017cdc949fc0 13139       3       java.util.regex.ASCII::isDigit (18 bytes)
Event: 473.407 Thread 0x0000017cdc949fc0 nmethod 13139 0x0000017cc23e3490 code [0x0000017cc23e3620, 0x0000017cc23e3778]
Event: 473.758 Thread 0x0000017cdc949fc0 13141       3       org.springframework.util.ConcurrentReferenceHashMap$EntryIterator::moveToNextSegment (55 bytes)
Event: 474.422 Thread 0x0000017cdc949fc0 nmethod 13141 0x0000017cc23e3810 code [0x0000017cc23e39c0, 0x0000017cc23e3c18]
Event: 474.423 Thread 0x0000017cdc949fc0 13142       3       org.apache.tomcat.util.collections.ManagedConcurrentWeakHashMap$Key::<init> (15 bytes)
Event: 474.423 Thread 0x0000017cdc949fc0 nmethod 13142 0x0000017cc23e3d10 code [0x0000017cc23e3ee0, 0x0000017cc23e4308]
Event: 474.423 Thread 0x0000017cdc949fc0 13143       1       org.apache.catalina.ContainerEvent::getType (5 bytes)
Event: 474.423 Thread 0x0000017cdc949fc0 nmethod 13143 0x0000017cc9434410 code [0x0000017cc94345a0, 0x0000017cc9434678]
Event: 474.424 Thread 0x0000017cdc949fc0 13144  s    3       org.apache.tomcat.util.modeler.Registry::getRegistry (48 bytes)

GC Heap History (20 events):
Event: 447.699 GC heap before
{Heap before GC invocations=59 (full 2):
 garbage-first heap   total 178176K, used 134245K [0x0000000702200000, 0x0000000800000000)
  region size 2048K, 42 young (86016K), 4 survivors (8192K)
 Metaspace       used 93624K, committed 94400K, reserved 1179648K
  class space    used 12392K, committed 12736K, reserved 1048576K
}
Event: 447.702 GC heap after
{Heap after GC invocations=60 (full 2):
 garbage-first heap   total 178176K, used 61185K [0x0000000702200000, 0x0000000800000000)
  region size 2048K, 4 young (8192K), 4 survivors (8192K)
 Metaspace       used 93624K, committed 94400K, reserved 1179648K
  class space    used 12392K, committed 12736K, reserved 1048576K
}
Event: 447.812 GC heap before
{Heap before GC invocations=60 (full 2):
 garbage-first heap   total 178176K, used 130817K [0x0000000702200000, 0x0000000800000000)
  region size 2048K, 39 young (79872K), 4 survivors (8192K)
 Metaspace       used 93635K, committed 94400K, reserved 1179648K
  class space    used 12392K, committed 12736K, reserved 1048576K
}
Event: 447.814 GC heap after
{Heap after GC invocations=61 (full 2):
 garbage-first heap   total 215040K, used 63288K [0x0000000702200000, 0x0000000800000000)
  region size 2048K, 4 young (8192K), 4 survivors (8192K)
 Metaspace       used 93635K, committed 94400K, reserved 1179648K
  class space    used 12392K, committed 12736K, reserved 1048576K
}
Event: 448.251 GC heap before
{Heap before GC invocations=61 (full 2):
 garbage-first heap   total 215040K, used 161592K [0x0000000702200000, 0x0000000800000000)
  region size 2048K, 53 young (108544K), 4 survivors (8192K)
 Metaspace       used 93684K, committed 94528K, reserved 1179648K
  class space    used 12394K, committed 12800K, reserved 1048576K
}
Event: 448.253 GC heap after
{Heap after GC invocations=62 (full 2):
 garbage-first heap   total 215040K, used 58418K [0x0000000702200000, 0x0000000800000000)
  region size 2048K, 2 young (4096K), 2 survivors (4096K)
 Metaspace       used 93684K, committed 94528K, reserved 1179648K
  class space    used 12394K, committed 12800K, reserved 1048576K
}
Event: 450.559 GC heap before
{Heap before GC invocations=62 (full 2):
 garbage-first heap   total 215040K, used 68658K [0x0000000702200000, 0x0000000800000000)
  region size 2048K, 8 young (16384K), 2 survivors (4096K)
 Metaspace       used 93742K, committed 94528K, reserved 1179648K
  class space    used 12395K, committed 12800K, reserved 1048576K
}
Event: 450.597 GC heap after
{Heap after GC invocations=63 (full 3):
 garbage-first heap   total 178176K, used 50062K [0x0000000702200000, 0x0000000800000000)
  region size 2048K, 0 young (0K), 0 survivors (0K)
 Metaspace       used 93742K, committed 94528K, reserved 1179648K
  class space    used 12395K, committed 12800K, reserved 1048576K
}
Event: 451.365 GC heap before
{Heap before GC invocations=63 (full 3):
 garbage-first heap   total 178176K, used 140174K [0x0000000702200000, 0x0000000800000000)
  region size 2048K, 44 young (90112K), 0 survivors (0K)
 Metaspace       used 94052K, committed 94848K, reserved 1179648K
  class space    used 12425K, committed 12800K, reserved 1048576K
}
Event: 451.369 GC heap after
{Heap after GC invocations=64 (full 3):
 garbage-first heap   total 178176K, used 56138K [0x0000000702200000, 0x0000000800000000)
  region size 2048K, 3 young (6144K), 3 survivors (6144K)
 Metaspace       used 94052K, committed 94848K, reserved 1179648K
  class space    used 12425K, committed 12800K, reserved 1048576K
}
Event: 454.733 GC heap before
{Heap before GC invocations=64 (full 3):
 garbage-first heap   total 178176K, used 140106K [0x0000000702200000, 0x0000000800000000)
  region size 2048K, 44 young (90112K), 3 survivors (6144K)
 Metaspace       used 94520K, committed 95232K, reserved 1179648K
  class space    used 12450K, committed 12800K, reserved 1048576K
}
Event: 454.736 GC heap after
{Heap after GC invocations=65 (full 3):
 garbage-first heap   total 178176K, used 59801K [0x0000000702200000, 0x0000000800000000)
  region size 2048K, 5 young (10240K), 5 survivors (10240K)
 Metaspace       used 94520K, committed 95232K, reserved 1179648K
  class space    used 12450K, committed 12800K, reserved 1048576K
}
Event: 454.856 GC heap before
{Heap before GC invocations=65 (full 3):
 garbage-first heap   total 178176K, used 137625K [0x0000000702200000, 0x0000000800000000)
  region size 2048K, 44 young (90112K), 5 survivors (10240K)
 Metaspace       used 94524K, committed 95232K, reserved 1179648K
  class space    used 12450K, committed 12800K, reserved 1048576K
}
Event: 454.861 GC heap after
{Heap after GC invocations=66 (full 3):
 garbage-first heap   total 178176K, used 64262K [0x0000000702200000, 0x0000000800000000)
  region size 2048K, 5 young (10240K), 5 survivors (10240K)
 Metaspace       used 94524K, committed 95232K, reserved 1179648K
  class space    used 12450K, committed 12800K, reserved 1048576K
}
Event: 454.977 GC heap before
{Heap before GC invocations=66 (full 3):
 garbage-first heap   total 178176K, used 137990K [0x0000000702200000, 0x0000000800000000)
  region size 2048K, 42 young (86016K), 5 survivors (10240K)
 Metaspace       used 94525K, committed 95232K, reserved 1179648K
  class space    used 12450K, committed 12800K, reserved 1048576K
}
Event: 454.980 GC heap after
{Heap after GC invocations=67 (full 3):
 garbage-first heap   total 178176K, used 65840K [0x0000000702200000, 0x0000000800000000)
  region size 2048K, 4 young (8192K), 4 survivors (8192K)
 Metaspace       used 94525K, committed 95232K, reserved 1179648K
  class space    used 12450K, committed 12800K, reserved 1048576K
}
Event: 455.087 GC heap before
{Heap before GC invocations=67 (full 3):
 garbage-first heap   total 178176K, used 135472K [0x0000000702200000, 0x0000000800000000)
  region size 2048K, 39 young (79872K), 4 survivors (8192K)
 Metaspace       used 94535K, committed 95360K, reserved 1179648K
  class space    used 12451K, committed 12864K, reserved 1048576K
}
Event: 455.089 GC heap after
{Heap after GC invocations=68 (full 3):
 garbage-first heap   total 219136K, used 67837K [0x0000000702200000, 0x0000000800000000)
  region size 2048K, 4 young (8192K), 4 survivors (8192K)
 Metaspace       used 94535K, committed 95360K, reserved 1179648K
  class space    used 12451K, committed 12864K, reserved 1048576K
}
Event: 455.513 GC heap before
{Heap before GC invocations=68 (full 3):
 garbage-first heap   total 219136K, used 170237K [0x0000000702200000, 0x0000000800000000)
  region size 2048K, 55 young (112640K), 4 survivors (8192K)
 Metaspace       used 94599K, committed 95424K, reserved 1179648K
  class space    used 12455K, committed 12864K, reserved 1048576K
}
Event: 455.515 GC heap after
{Heap after GC invocations=69 (full 3):
 garbage-first heap   total 219136K, used 62281K [0x0000000702200000, 0x0000000800000000)
  region size 2048K, 2 young (4096K), 2 survivors (4096K)
 Metaspace       used 94599K, committed 95424K, reserved 1179648K
  class space    used 12455K, committed 12864K, reserved 1048576K
}

Deoptimization events (20 events):
Event: 455.464 Thread 0x0000017d2fb6c8f0 Uncommon trap: trap_request=0xffffff5c fr.pc=0x0000017cc9424b38 relative=0x0000000000000158
Event: 455.464 Thread 0x0000017d2fb6c8f0 Uncommon trap: reason=speculate_null_check action=make_not_entrant pc=0x0000017cc9424b38 method=java.net.URLClassLoader.findResource(Ljava/lang/String;)Ljava/net/URL; @ 21 c2
Event: 455.464 Thread 0x0000017d2fb6c8f0 DEOPT PACKING pc=0x0000017cc9424b38 sp=0x000000449d9fce00
Event: 455.464 Thread 0x0000017d2fb6c8f0 DEOPT UNPACKING pc=0x0000017cc84e23a3 sp=0x000000449d9fcda8 mode 2
Event: 455.516 Thread 0x0000017d2fb6c8f0 Uncommon trap: trap_request=0xffffffde fr.pc=0x0000017cc8b30ba8 relative=0x00000000000002e8
Event: 455.516 Thread 0x0000017d2fb6c8f0 Uncommon trap: reason=class_check action=maybe_recompile pc=0x0000017cc8b30ba8 method=java.nio.ByteBuffer.put(Ljava/nio/ByteBuffer;)Ljava/nio/ByteBuffer; @ 10 c2
Event: 455.516 Thread 0x0000017d2fb6c8f0 DEOPT PACKING pc=0x0000017cc8b30ba8 sp=0x000000449d9fd620
Event: 455.516 Thread 0x0000017d2fb6c8f0 DEOPT UNPACKING pc=0x0000017cc84e23a3 sp=0x000000449d9fd610 mode 2
Event: 455.516 Thread 0x0000017cdcad9230 Uncommon trap: trap_request=0xffffffd6 fr.pc=0x0000017cc9407840 relative=0x0000000000000700
Event: 455.516 Thread 0x0000017cdcad9230 Uncommon trap: reason=array_check action=maybe_recompile pc=0x0000017cc9407840 method=java.util.ComparableTimSort.binarySort([Ljava/lang/Object;III)V @ 215 c2
Event: 455.516 Thread 0x0000017cdcad9230 DEOPT PACKING pc=0x0000017cc9407840 sp=0x000000449edff140
Event: 455.516 Thread 0x0000017cdcad9230 DEOPT UNPACKING pc=0x0000017cc84e23a3 sp=0x000000449edff0f0 mode 2
Event: 457.963 Thread 0x0000017d2fb6f170 DEOPT PACKING pc=0x0000017cc1b11eb0 sp=0x000000449fafd8b0
Event: 457.963 Thread 0x0000017d2fb6f170 DEOPT UNPACKING pc=0x0000017cc84e2b43 sp=0x000000449fafcd48 mode 0
Event: 472.388 Thread 0x0000017d235d7930 DEOPT PACKING pc=0x0000017cc21c028b sp=0x000000449fafee90
Event: 472.388 Thread 0x0000017d235d7930 DEOPT UNPACKING pc=0x0000017cc84e2b43 sp=0x000000449fafe358 mode 0
Event: 472.389 Thread 0x0000017d235d7930 DEOPT PACKING pc=0x0000017cc21c028b sp=0x000000449fafe650
Event: 472.389 Thread 0x0000017d235d7930 DEOPT UNPACKING pc=0x0000017cc84e2b43 sp=0x000000449fafdb18 mode 0
Event: 472.390 Thread 0x0000017d235d7930 DEOPT PACKING pc=0x0000017cc21c028b sp=0x000000449fafe860
Event: 472.390 Thread 0x0000017d235d7930 DEOPT UNPACKING pc=0x0000017cc84e2b43 sp=0x000000449fafdd28 mode 0

Classes unloaded (0 events):
No events

Classes redefined (0 events):
No events

Internal exceptions (20 events):
Event: 455.052 Thread 0x0000017d2fb70ac0 Exception <a 'sun/nio/fs/WindowsException'{0x000000070ac866e0}> (0x000000070ac866e0) 
thrown [s\open\src\hotspot\share\prims\jni.cpp, line 516]
Event: 455.052 Thread 0x0000017d2fb70ac0 Exception <a 'sun/nio/fs/WindowsException'{0x000000070ac869d0}> (0x000000070ac869d0) 
thrown [s\open\src\hotspot\share\prims\jni.cpp, line 516]
Event: 455.052 Thread 0x0000017d2fb70ac0 Exception <a 'sun/nio/fs/WindowsException'{0x000000070ac87320}> (0x000000070ac87320) 
thrown [s\open\src\hotspot\share\prims\jni.cpp, line 516]
Event: 455.052 Thread 0x0000017d2fb70ac0 Exception <a 'sun/nio/fs/WindowsException'{0x000000070ac87620}> (0x000000070ac87620) 
thrown [s\open\src\hotspot\share\prims\jni.cpp, line 516]
Event: 455.053 Thread 0x0000017d2fb70ac0 Exception <a 'sun/nio/fs/WindowsException'{0x000000070ac87f88}> (0x000000070ac87f88) 
thrown [s\open\src\hotspot\share\prims\jni.cpp, line 516]
Event: 455.053 Thread 0x0000017d2fb70ac0 Exception <a 'sun/nio/fs/WindowsException'{0x000000070ac882a8}> (0x000000070ac882a8) 
thrown [s\open\src\hotspot\share\prims\jni.cpp, line 516]
Event: 455.054 Thread 0x0000017d2fb70ac0 Exception <a 'sun/nio/fs/WindowsException'{0x000000070ac88c08}> (0x000000070ac88c08) 
thrown [s\open\src\hotspot\share\prims\jni.cpp, line 516]
Event: 455.054 Thread 0x0000017d2fb70ac0 Exception <a 'sun/nio/fs/WindowsException'{0x000000070ac88f28}> (0x000000070ac88f28) 
thrown [s\open\src\hotspot\share\prims\jni.cpp, line 516]
Event: 455.201 Thread 0x0000017d2fb6c8f0 Exception <a 'sun/nio/fs/WindowsException'{0x000000070d7a37d0}> (0x000000070d7a37d0) 
thrown [s\open\src\hotspot\share\prims\jni.cpp, line 516]
Event: 455.201 Thread 0x0000017d2fb6c8f0 Exception <a 'sun/nio/fs/WindowsException'{0x000000070d7a3900}> (0x000000070d7a3900) 
thrown [s\open\src\hotspot\share\prims\jni.cpp, line 516]
Event: 455.201 Thread 0x0000017d2fb6c8f0 Exception <a 'sun/nio/fs/WindowsException'{0x000000070d7b44c0}> (0x000000070d7b44c0) 
thrown [s\open\src\hotspot\share\prims\jni.cpp, line 516]
Event: 455.201 Thread 0x0000017d2fb6c8f0 Exception <a 'sun/nio/fs/WindowsException'{0x000000070d7b45f0}> (0x000000070d7b45f0) 
thrown [s\open\src\hotspot\share\prims\jni.cpp, line 516]
Event: 455.202 Thread 0x0000017d2fb6c8f0 Exception <a 'sun/nio/fs/WindowsException'{0x000000070d7c6510}> (0x000000070d7c6510) 
thrown [s\open\src\hotspot\share\prims\jni.cpp, line 516]
Event: 455.202 Thread 0x0000017d2fb6c8f0 Exception <a 'sun/nio/fs/WindowsException'{0x000000070d7c6640}> (0x000000070d7c6640) 
thrown [s\open\src\hotspot\share\prims\jni.cpp, line 516]
Event: 455.202 Thread 0x0000017d2fb70ac0 Exception <a 'java/lang/reflect/InvocationTargetException'{0x000000070d401118}> (0x000000070d401118) 
thrown [s\open\src\hotspot\share\runtime\reflection.cpp, line 1121]
Event: 455.204 Thread 0x0000017d2fb70fd0 Exception <a 'java/lang/reflect/InvocationTargetException'{0x000000070d48a808}> (0x000000070d48a808) 
thrown [s\open\src\hotspot\share\runtime\reflection.cpp, line 1121]
Event: 455.212 Thread 0x0000017d2fb6c8f0 Exception <a 'sun/nio/fs/WindowsException'{0x000000070d5e9e30}> (0x000000070d5e9e30) 
thrown [s\open\src\hotspot\share\prims\jni.cpp, line 516]
Event: 472.389 Thread 0x0000017d2fb70fd0 Exception <a 'java/lang/InterruptedException'{0x000000070f2f1830}: sleep interrupted> (0x000000070f2f1830) 
thrown [s\open\src\hotspot\share\prims\jvm.cpp, line 3064]
Event: 472.389 Thread 0x0000017d2fb70ac0 Exception <a 'java/io/IOException'{0x000000070f2e2f38}> (0x000000070f2e2f38) 
thrown [s\open\src\hotspot\share\prims\jni.cpp, line 516]
Event: 474.424 Thread 0x0000017d2fb700a0 Exception <a 'java/lang/InterruptedException'{0x000000070f105cc0}: sleep interrupted> (0x000000070f105cc0) 
thrown [s\open\src\hotspot\share\prims\jvm.cpp, line 3064]

VM Operations (20 events):
Event: 454.737 Executing VM operation: G1CollectForAllocation done
Event: 454.855 Executing VM operation: G1CollectForAllocation
Event: 454.863 Executing VM operation: G1CollectForAllocation done
Event: 454.977 Executing VM operation: G1CollectForAllocation
Event: 454.981 Executing VM operation: G1CollectForAllocation done
Event: 455.087 Executing VM operation: G1CollectForAllocation
Event: 455.090 Executing VM operation: G1CollectForAllocation done
Event: 455.513 Executing VM operation: G1CollectForAllocation
Event: 455.515 Executing VM operation: G1CollectForAllocation done
Event: 456.522 Executing VM operation: Cleanup
Event: 456.522 Executing VM operation: Cleanup done
Event: 457.524 Executing VM operation: Cleanup
Event: 457.524 Executing VM operation: Cleanup done
Event: 458.538 Executing VM operation: Cleanup
Event: 458.538 Executing VM operation: Cleanup done
Event: 465.609 Executing VM operation: Cleanup
Event: 465.609 Executing VM operation: Cleanup done
Event: 472.678 Executing VM operation: Cleanup
Event: 473.406 Executing VM operation: Cleanup done
Event: 474.424 Executing VM operation: G1CollectFull

Events (20 events):
Event: 472.387 Thread 0x0000017d235db0e0 Thread exited: 0x0000017d235db0e0
Event: 472.387 Thread 0x0000017d2fb714e0 Thread exited: 0x0000017d2fb714e0
Event: 472.387 Thread 0x0000017d2fb72920 Thread exited: 0x0000017d2fb72920
Event: 472.387 Thread 0x0000017d2fb74270 Thread exited: 0x0000017d2fb74270
Event: 472.387 Thread 0x0000017d235d6f10 Thread exited: 0x0000017d235d6f10
Event: 472.387 Thread 0x0000017d2fb719f0 Thread exited: 0x0000017d2fb719f0
Event: 472.387 Thread 0x0000017d2fb71f00 Thread exited: 0x0000017d2fb71f00
Event: 472.387 Thread 0x0000017d2fb73d60 Thread exited: 0x0000017d2fb73d60
Event: 472.387 Thread 0x0000017d2fb72410 Thread exited: 0x0000017d2fb72410
Event: 472.387 Thread 0x0000017d235da1b0 Thread exited: 0x0000017d235da1b0
Event: 472.387 Thread 0x0000017d235d8350 Thread exited: 0x0000017d235d8350
Event: 472.389 Thread 0x0000017d2fb6d820 Thread exited: 0x0000017d2fb6d820
Event: 472.389 Thread 0x0000017d2fb70fd0 Thread exited: 0x0000017d2fb70fd0
Event: 472.389 Thread 0x0000017d2fb70ac0 Thread exited: 0x0000017d2fb70ac0
Event: 472.390 Thread 0x0000017d235d8350 Thread added: 0x0000017d235d8350
Event: 472.390 Thread 0x0000017d2fb6fb90 Thread exited: 0x0000017d2fb6fb90
Event: 473.757 Thread 0x0000017d235d8350 Thread exited: 0x0000017d235d8350
Event: 474.424 Thread 0x0000017d2fb6d310 Thread exited: 0x0000017d2fb6d310
Event: 474.424 Thread 0x0000017d2fb6f680 Thread exited: 0x0000017d2fb6f680
Event: 474.424 Thread 0x0000017d2fb700a0 Thread exited: 0x0000017d2fb700a0


Dynamic libraries:
0x00007ff6b2800000 - 0x00007ff6b2810000 	C:\Program Files\Java\jdk-17\bin\java.exe
0x00007ffe52ce0000 - 0x00007ffe52f43000 	C:\WINDOWS\SYSTEM32\ntdll.dll
0x00007ffe50eb0000 - 0x00007ffe50f77000 	C:\WINDOWS\System32\KERNEL32.DLL
0x00007ffe50370000 - 0x00007ffe50737000 	C:\WINDOWS\System32\KERNELBASE.dll
0x00007ffe50940000 - 0x00007ffe50a8c000 	C:\WINDOWS\System32\ucrtbase.dll
0x00007ffe3d0c0000 - 0x00007ffe3d0d9000 	C:\Program Files\Java\jdk-17\bin\jli.dll
0x00007ffe3c8c0000 - 0x00007ffe3c8db000 	C:\Program Files\Java\jdk-17\bin\VCRUNTIME140.dll
0x00007ffe51d20000 - 0x00007ffe51dd4000 	C:\WINDOWS\System32\ADVAPI32.dll
0x00007ffe51890000 - 0x00007ffe51939000 	C:\WINDOWS\System32\msvcrt.dll
0x00007ffe50d40000 - 0x00007ffe50de6000 	C:\WINDOWS\System32\sechost.dll
0x00007ffe51de0000 - 0x00007ffe51ef6000 	C:\WINDOWS\System32\RPCRT4.dll
0x00007ffe50f80000 - 0x00007ffe51149000 	C:\WINDOWS\System32\USER32.dll
0x00007ffe507e0000 - 0x00007ffe50807000 	C:\WINDOWS\System32\win32u.dll
0x00007ffe51f00000 - 0x00007ffe51f2a000 	C:\WINDOWS\System32\GDI32.dll
0x00007ffe50810000 - 0x00007ffe5093b000 	C:\WINDOWS\System32\gdi32full.dll
0x00007ffe3ba10000 - 0x00007ffe3bca0000 	C:\WINDOWS\WinSxS\amd64_microsoft.windows.common-controls_6595b64144ccf1df_6.0.26100.3037_none_3e09262ce333c378\COMCTL32.dll
0x00007ffe50200000 - 0x00007ffe502a3000 	C:\WINDOWS\System32\msvcp_win.dll
0x00007ffe49c80000 - 0x00007ffe49c8b000 	C:\WINDOWS\SYSTEM32\VERSION.dll
0x00007ffe523c0000 - 0x00007ffe523ef000 	C:\WINDOWS\System32\IMM32.DLL
0x00007ffe3d030000 - 0x00007ffe3d03c000 	C:\Program Files\Java\jdk-17\bin\vcruntime140_1.dll
0x00007ffe17240000 - 0x00007ffe172ce000 	C:\Program Files\Java\jdk-17\bin\msvcp140.dll
0x00007ffdaee50000 - 0x00007ffdafa31000 	C:\Program Files\Java\jdk-17\bin\server\jvm.dll
0x00007ffe50b20000 - 0x00007ffe50b28000 	C:\WINDOWS\System32\PSAPI.DLL
0x00007ffe34c90000 - 0x00007ffe34c9a000 	C:\WINDOWS\SYSTEM32\WSOCK32.dll
0x00007ffe41c80000 - 0x00007ffe41cb6000 	C:\WINDOWS\SYSTEM32\WINMM.dll
0x00007ffe50c10000 - 0x00007ffe50c84000 	C:\WINDOWS\System32\WS2_32.dll
0x00007ffe4ee70000 - 0x00007ffe4ee8a000 	C:\WINDOWS\SYSTEM32\kernel.appcore.dll
0x00007ffe3c8b0000 - 0x00007ffe3c8ba000 	C:\Program Files\Java\jdk-17\bin\jimage.dll
0x00007ffe4d790000 - 0x00007ffe4d9d1000 	C:\WINDOWS\SYSTEM32\DBGHELP.DLL
0x00007ffe51f40000 - 0x00007ffe522be000 	C:\WINDOWS\System32\combase.dll
0x00007ffe51c40000 - 0x00007ffe51d16000 	C:\WINDOWS\System32\OLEAUT32.dll
0x00007ffe3b9d0000 - 0x00007ffe3ba09000 	C:\WINDOWS\SYSTEM32\dbgcore.DLL
0x00007ffe50740000 - 0x00007ffe507d9000 	C:\WINDOWS\System32\bcryptPrimitives.dll
0x00007ffe21260000 - 0x00007ffe21285000 	C:\Program Files\Java\jdk-17\bin\java.dll
0x00007ffe0ef80000 - 0x00007ffe0f057000 	C:\Program Files\Java\jdk-17\bin\jsvml.dll
0x00007ffe51150000 - 0x00007ffe51854000 	C:\WINDOWS\System32\SHELL32.dll
0x00007ffe4dd60000 - 0x00007ffe4e597000 	C:\WINDOWS\SYSTEM32\windows.storage.dll
0x00007ffe522d0000 - 0x00007ffe523b9000 	C:\WINDOWS\System32\SHCORE.dll
0x00007ffe50df0000 - 0x00007ffe50e4d000 	C:\WINDOWS\System32\shlwapi.dll
0x00007ffe4ff90000 - 0x00007ffe4ffbe000 	C:\WINDOWS\SYSTEM32\profapi.dll
0x00007ffe28290000 - 0x00007ffe282a9000 	C:\Program Files\Java\jdk-17\bin\net.dll
0x00007ffe46f60000 - 0x00007ffe4707e000 	C:\WINDOWS\SYSTEM32\WINHTTP.dll
0x00007ffe4f360000 - 0x00007ffe4f3ca000 	C:\WINDOWS\system32\mswsock.dll
0x00007ffe27a70000 - 0x00007ffe27a86000 	C:\Program Files\Java\jdk-17\bin\nio.dll
0x00007ffe21240000 - 0x00007ffe21258000 	C:\Program Files\Java\jdk-17\bin\zip.dll
0x00007ffe4cd00000 - 0x00007ffe4cd0a000 	C:\Program Files\Java\jdk-17\bin\management.dll
0x00007ffe3c8a0000 - 0x00007ffe3c8ab000 	C:\Program Files\Java\jdk-17\bin\management_ext.dll
0x00007ffe2fd10000 - 0x00007ffe2fd28000 	C:\WINDOWS\system32\napinsp.dll
0x00007ffe4e920000 - 0x00007ffe4ea45000 	C:\WINDOWS\SYSTEM32\DNSAPI.dll
0x00007ffe4e890000 - 0x00007ffe4e8c2000 	C:\WINDOWS\SYSTEM32\IPHLPAPI.DLL
0x00007ffe525d0000 - 0x00007ffe525da000 	C:\WINDOWS\System32\NSI.dll
0x00007ffe2fcf0000 - 0x00007ffe2fd02000 	C:\WINDOWS\System32\winrnr.dll
0x00007ffe2f890000 - 0x00007ffe2f8b2000 	C:\WINDOWS\system32\nlansp_c.dll
0x00007ffe2ce30000 - 0x00007ffe2ce46000 	C:\WINDOWS\system32\wshbth.dll
0x00007ffe49900000 - 0x00007ffe4990b000 	C:\Windows\System32\rasadhlp.dll
0x00007ffe41b40000 - 0x00007ffe41bc5000 	C:\WINDOWS\System32\fwpuclnt.dll
0x00007ffe4f7b0000 - 0x00007ffe4f7cc000 	C:\WINDOWS\SYSTEM32\CRYPTSP.dll
0x00007ffe4edd0000 - 0x00007ffe4ee08000 	C:\WINDOWS\system32\rsaenh.dll
0x00007ffe4f400000 - 0x00007ffe4f42b000 	C:\WINDOWS\SYSTEM32\USERENV.dll
0x00007ffe4f940000 - 0x00007ffe4f966000 	C:\WINDOWS\SYSTEM32\bcrypt.dll
0x00007ffe4f590000 - 0x00007ffe4f59c000 	C:\WINDOWS\SYSTEM32\CRYPTBASE.dll
0x00007ffe493f0000 - 0x00007ffe4940f000 	C:\WINDOWS\SYSTEM32\dhcpcsvc6.DLL
0x00007ffe46e50000 - 0x00007ffe46e75000 	C:\WINDOWS\SYSTEM32\dhcpcsvc.DLL
0x00007ffe3b520000 - 0x00007ffe3b52e000 	C:\Program Files\Java\jdk-17\bin\sunmscapi.dll
0x00007ffe50080000 - 0x00007ffe501f6000 	C:\WINDOWS\System32\CRYPT32.dll
0x00007ffe4f900000 - 0x00007ffe4f930000 	C:\WINDOWS\SYSTEM32\ncrypt.dll
0x00007ffe4f8b0000 - 0x00007ffe4f8ef000 	C:\WINDOWS\SYSTEM32\NTASN1.dll
0x00007ffe308e0000 - 0x00007ffe308f0000 	C:\Program Files\Java\jdk-17\bin\verify.dll
0x00007ffe28250000 - 0x00007ffe28258000 	C:\WINDOWS\system32\wshunix.dll

dbghelp: loaded successfully - version: 4.0.5 - missing functions: none
symbol engine: initialized successfully - sym options: 0x614 - pdb path: .;C:\Program Files\Java\jdk-17\bin;C:\WINDOWS\SYSTEM32;C:\WINDOWS\WinSxS\amd64_microsoft.windows.common-controls_6595b64144ccf1df_6.0.26100.3037_none_3e09262ce333c378;C:\Program Files\Java\jdk-17\bin\server

VM Arguments:
jvm_args: -Dcom.sun.management.jmxremote -Dcom.sun.management.jmxremote.port=62450 -Dcom.sun.management.jmxremote.authenticate=false -Dcom.sun.management.jmxremote.ssl=false -Dspring.jmx.enabled=true -Djava.rmi.server.hostname=localhost -Dspring.application.admin.enabled=true -Dspring.boot.project.name=Merkapp -XX:+ShowCodeDetailsInExceptionMessages -Dmanagement.endpoints.jmx.exposure.include=* 
java_command: com.merkapp.merkapp.MerkappApplication
java_class_path (initial): F:\Universidad\DevMovil\MerkApp_Project\MerkAppApi\target\classes;C:\Users\Manuel Fernandez\.m2\repository\org\springframework\boot\spring-boot-starter-actuator\3.4.0\spring-boot-starter-actuator-3.4.0.jar;C:\Users\Manuel Fernandez\.m2\repository\org\springframework\boot\spring-boot-starter\3.4.0\spring-boot-starter-3.4.0.jar;C:\Users\Manuel Fernandez\.m2\repository\org\springframework\boot\spring-boot-starter-logging\3.4.0\spring-boot-starter-logging-3.4.0.jar;C:\Users\Manuel Fernandez\.m2\repository\ch\qos\logback\logback-classic\1.5.12\logback-classic-1.5.12.jar;C:\Users\Manuel Fernandez\.m2\repository\ch\qos\logback\logback-core\1.5.12\logback-core-1.5.12.jar;C:\Users\Manuel Fernandez\.m2\repository\org\apache\logging\log4j\log4j-to-slf4j\2.24.1\log4j-to-slf4j-2.24.1.jar;C:\Users\Manuel Fernandez\.m2\repository\org\apache\logging\log4j\log4j-api\2.24.1\log4j-api-2.24.1.jar;C:\Users\Manuel Fernandez\.m2\repository\org\slf4j\jul-to-slf4j\2.0.16\jul-to-slf4j-2.0.16.jar;C:\Users\Manuel Fernandez\.m2\repository\jakarta\annotation\jakarta.annotation-api\2.1.1\jakarta.annotation-api-2.1.1.jar;C:\Users\Manuel Fernandez\.m2\repository\org\yaml\snakeyaml\2.3\snakeyaml-2.3.jar;C:\Users\Manuel Fernandez\.m2\repository\org\springframework\boot\spring-boot-actuator-autoconfigure\3.4.0\spring-boot-actuator-autoconfigure-3.4.0.jar;C:\Users\Manuel Fernandez\.m2\repository\org\springframework\boot\spring-boot-actuator\3.4.0\spring-boot-actuator-3.4.0.jar;C:\Users\Manuel Fernandez\.m2\repository\com\fasterxml\jackson\datatype\jackson-datatype-jsr310\2.18.1\jackson-datatype-jsr310-2.18.1.jar;C:\Users\Manuel Fernandez\.m2\repository\io\micrometer\micrometer-observation\1.14.1\micrometer-observation-1.14.1.jar;C:\Users\Manuel Fernandez\.m2\repository\io\micrometer\micrometer-commons\1.14.1\micrometer-commons-1.14.1.jar;C:\Users\Manuel Fernandez\.m2\repository\io\micrometer\micrometer-jakarta9\1.14.1\micrometer-jakarta9-1.14.1.jar;C:\Users\Manuel Fernandez
Launcher Type: SUN_STANDARD

[Global flags]
     intx CICompilerCount                          = 4                                         {product} {ergonomic}
     uint ConcGCThreads                            = 3                                         {product} {ergonomic}
     uint G1ConcRefinementThreads                  = 10                                        {product} {ergonomic}
   size_t G1HeapRegionSize                         = 2097152                                   {product} {ergonomic}
    uintx GCDrainStackTargetSize                   = 64                                        {product} {ergonomic}
   size_t InitialHeapSize                          = 266338304                                 {product} {ergonomic}
     bool ManagementServer                         = true                                      {product} {command line}
   size_t MarkStackSize                            = 4194304                                   {product} {ergonomic}
   size_t MaxHeapSize                              = 4259315712                                {product} {ergonomic}
   size_t MaxNewSize                               = 2554331136                                {product} {ergonomic}
   size_t MinHeapDeltaBytes                        = 2097152                                   {product} {ergonomic}
   size_t MinHeapSize                              = 8388608                                   {product} {ergonomic}
    uintx NonNMethodCodeHeapSize                   = 5839372                                {pd product} {ergonomic}
    uintx NonProfiledCodeHeapSize                  = 122909434                              {pd product} {ergonomic}
    uintx ProfiledCodeHeapSize                     = 122909434                              {pd product} {ergonomic}
    uintx ReservedCodeCacheSize                    = 251658240                              {pd product} {ergonomic}
     bool SegmentedCodeCache                       = true                                      {product} {ergonomic}
     bool ShowCodeDetailsInExceptionMessages       = true                                   {manageable} {command line}
   size_t SoftMaxHeapSize                          = 4259315712                             {manageable} {ergonomic}
     bool UseCompressedClassPointers               = true                           {product lp64_product} {ergonomic}
     bool UseCompressedOops                        = true                           {product lp64_product} {ergonomic}
     bool UseG1GC                                  = true                                      {product} {ergonomic}
     bool UseLargePagesIndividualAllocation        = false                                  {pd product} {ergonomic}

Logging:
Log output configuration:
 #0: stdout all=warning uptime,level,tags
 #1: stderr all=off uptime,level,tags

Environment Variables:
JAVA_HOME=C:\Program Files\Java\jdk-21
PATH=C:\Program Files\WindowsApps\Microsoft.PowerShell_7.5.0.0_x64__8wekyb3d8bbwe;C:\Program Files\Microsoft\jdk-17.0.14.7-hotspot\bin;C:\Program Files\BellSoft\LibericaJDK-21\bin\;C:\Program Files\Java\jdk-21\bin;C:\Program Files\Eclipse Adoptium\jdk-17.0.9.9-hotspot\bin;C:\ProgramData\Oracle\Java\javapath;C:\Program Files\Common Files\Oracle\Java\javapath;C:\Program Files (x86)\Common Files\Oracle\Java\java8path;C:\Program Files (x86)\Common Files\Oracle\Java\javapath;C:\Users\Manuel Fernandez\AppData\Local\Programs\Python\Python311\Scripts\;C:\Users\Manuel Fernandez\AppData\Local\Programs\Python\Python311\;C:\tools_db_oracle\WINDOWS.X64_193000_db_home\bin;C:\WINDOWS\system32;C:\WINDOWS;C:\WINDOWS\System32\Wbem;C:\WINDOWS\System32\WindowsPowerShell\v1.0\;C:\WINDOWS\System32\OpenSSH\;C:\Program Files\Git\cmd;C:\Program Files (x86)\NVIDIA Corporation\PhysX\Common;C:\Program Files\Microsoft SQL Server\150\Tools\Binn\;C:\Program Files\Microsoft SQL Server\Client SDK\ODBC\170\Tools\Binn\;C:\Program Files\dotnet\;C:\ProgramData\chocolatey\bin;C:\Program Files (x86)\Microsoft SQL Server\160\Tools\Binn\;C:\Program Files\Microsoft SQL Server\160\Tools\Binn\;C:\Program Files\Microsoft SQL Server\160\DTS\Binn\;C:\Program Files (x86)\Microsoft SQL Server\160\DTS\Binn\;C:\Program Files\Azure Data Studio\bin;C:\Program Files (x86)\GnuWin32\bin;C:\Program Files\PuTTY\;C:\Users\Manuel Fernandez\AppData\Roaming\Python\Scripts;C:\Users\Manuel Fernandez\AppData\Local\Programs\Python\Python38;C:\Users\Manuel Fernandez\AppData\Local\Programs\Python\Python38\Scripts;C:\Program Files\Java\scripts;C:\Users\Manuel Fernandez\AppData\Local\Coursier\data\bin;C:\Program Files (x86)\sbt\bin;C:\Spark\spark-3.5.3-bin-hadoop3\bin;C:\Users\Manuel Fernandez\AppData\Roaming\nvm;C:\Program Files\nodejs;C:\Program Files\Docker\Docker\resources\bin;C:\Program Files\NVIDIA Corporation\NVIDIA app\NvDLISR;C:\Users\Manuel Fernandez\AppData\Roaming\npm;C:\curl-8.12.1_4-win64-mingw\bin;C:\Ruby34-x64\bin;C:\User
USERNAME=Manuel Fernandez
LANG=es_ES.UTF-8
OS=Windows_NT
PROCESSOR_IDENTIFIER=Intel64 Family 6 Model 151 Stepping 2, GenuineIntel



---------------  S Y S T E M  ---------------

OS:
 Windows 11 , 64 bit Build 26100 (10.0.26100.3037)
OS uptime: 0 days 17:32 hours
Hyper-V role detected

CPU: total 12 (initial active 12) (6 cores per cpu, 2 threads per core) family 6 model 151 stepping 2 microcode 0x15, cx8, cmov, fxsr, ht, mmx, 3dnowpref, sse, sse2, sse3, ssse3, sse4.1, sse4.2, popcnt, lzcnt, tsc, tscinvbit, avx, avx2, aes, erms, clmul, bmi1, bmi2, adx, sha, fma, vzeroupper, clflush, clflushopt, clwb, hv

Memory: 4k page, system-wide physical 16243M (882M free)
TotalPageFile size 65395M (AvailPageFile size 0M)
current process WorkingSet (physical memory assigned to process): 396M, peak: 514M
current process commit charge ("private bytes"): 492M, peak: 563M

vm_info: Java HotSpot(TM) 64-Bit Server VM (17.0.9+11-LTS-201) for windows-amd64 JRE (17.0.9+11-LTS-201), built on Oct 10 2023 23:16:06 by "mach5one" with MS VC++ 17.1 (VS2022)

END.
